<?xml version="1.0" encoding="UTF-8"?>
<testsuite xmlns:xsi="http://www.w3.org/2001/XMLSchema-instance" xsi:noNamespaceSchemaLocation="https://maven.apache.org/surefire/maven-surefire-plugin/xsd/surefire-test-report-3.0.xsd" version="3.0" name="org.example.cliniccare1.ClinicCare1ApplicationTests" time="21.766" tests="1" errors="0" skipped="0" failures="0">
  <properties>
    <property name="java.specification.version" value="17"/>
    <property name="sun.cpu.isalist" value="amd64"/>
    <property name="sun.jnu.encoding" value="Cp1252"/>
    <property name="java.class.path" value="D:\3ls\Memoire\ClinicCare1\target\test-classes;D:\3ls\Memoire\ClinicCare1\target\classes;C:\Users\MiT\.m2\repository\org\springframework\boot\spring-boot-starter-data-jpa\3.3.0\spring-boot-starter-data-jpa-3.3.0.jar;C:\Users\MiT\.m2\repository\org\springframework\boot\spring-boot-starter-aop\3.3.0\spring-boot-starter-aop-3.3.0.jar;C:\Users\MiT\.m2\repository\org\aspectj\aspectjweaver\1.9.22\aspectjweaver-1.9.22.jar;C:\Users\MiT\.m2\repository\org\springframework\boot\spring-boot-starter-jdbc\3.3.0\spring-boot-starter-jdbc-3.3.0.jar;C:\Users\MiT\.m2\repository\com\zaxxer\HikariCP\5.1.0\HikariCP-5.1.0.jar;C:\Users\MiT\.m2\repository\org\springframework\spring-jdbc\6.1.8\spring-jdbc-6.1.8.jar;C:\Users\MiT\.m2\repository\org\hibernate\orm\hibernate-core\6.5.2.Final\hibernate-core-6.5.2.Final.jar;C:\Users\MiT\.m2\repository\jakarta\persistence\jakarta.persistence-api\3.1.0\jakarta.persistence-api-3.1.0.jar;C:\Users\MiT\.m2\repository\jakarta\transaction\jakarta.transaction-api\2.0.1\jakarta.transaction-api-2.0.1.jar;C:\Users\MiT\.m2\repository\org\jboss\logging\jboss-logging\3.5.3.Final\jboss-logging-3.5.3.Final.jar;C:\Users\MiT\.m2\repository\org\hibernate\common\hibernate-commons-annotations\6.0.6.Final\hibernate-commons-annotations-6.0.6.Final.jar;C:\Users\MiT\.m2\repository\io\smallrye\jandex\3.1.2\jandex-3.1.2.jar;C:\Users\MiT\.m2\repository\com\fasterxml\classmate\1.7.0\classmate-1.7.0.jar;C:\Users\MiT\.m2\repository\net\bytebuddy\byte-buddy\1.14.16\byte-buddy-1.14.16.jar;C:\Users\MiT\.m2\repository\org\glassfish\jaxb\jaxb-runtime\4.0.5\jaxb-runtime-4.0.5.jar;C:\Users\MiT\.m2\repository\org\glassfish\jaxb\jaxb-core\4.0.5\jaxb-core-4.0.5.jar;C:\Users\MiT\.m2\repository\org\eclipse\angus\angus-activation\2.0.2\angus-activation-2.0.2.jar;C:\Users\MiT\.m2\repository\org\glassfish\jaxb\txw2\4.0.5\txw2-4.0.5.jar;C:\Users\MiT\.m2\repository\com\sun\istack\istack-commons-runtime\4.1.2\istack-commons-runtime-4.1.2.jar;C:\Users\MiT\.m2\repository\jakarta\inject\jakarta.inject-api\2.0.1\jakarta.inject-api-2.0.1.jar;C:\Users\MiT\.m2\repository\org\antlr\antlr4-runtime\4.13.0\antlr4-runtime-4.13.0.jar;C:\Users\MiT\.m2\repository\org\springframework\data\spring-data-jpa\3.3.0\spring-data-jpa-3.3.0.jar;C:\Users\MiT\.m2\repository\org\springframework\data\spring-data-commons\3.3.0\spring-data-commons-3.3.0.jar;C:\Users\MiT\.m2\repository\org\springframework\spring-orm\6.1.8\spring-orm-6.1.8.jar;C:\Users\MiT\.m2\repository\org\springframework\spring-context\6.1.8\spring-context-6.1.8.jar;C:\Users\MiT\.m2\repository\org\springframework\spring-tx\6.1.8\spring-tx-6.1.8.jar;C:\Users\MiT\.m2\repository\org\springframework\spring-beans\6.1.8\spring-beans-6.1.8.jar;C:\Users\MiT\.m2\repository\jakarta\annotation\jakarta.annotation-api\2.1.1\jakarta.annotation-api-2.1.1.jar;C:\Users\MiT\.m2\repository\org\springframework\spring-aspects\6.1.8\spring-aspects-6.1.8.jar;C:\Users\MiT\.m2\repository\org\springframework\boot\spring-boot-starter-security\3.3.0\spring-boot-starter-security-3.3.0.jar;C:\Users\MiT\.m2\repository\org\springframework\boot\spring-boot-starter\3.3.0\spring-boot-starter-3.3.0.jar;C:\Users\MiT\.m2\repository\org\springframework\boot\spring-boot\3.3.0\spring-boot-3.3.0.jar;C:\Users\MiT\.m2\repository\org\springframework\boot\spring-boot-autoconfigure\3.3.0\spring-boot-autoconfigure-3.3.0.jar;C:\Users\MiT\.m2\repository\org\springframework\boot\spring-boot-starter-logging\3.3.0\spring-boot-starter-logging-3.3.0.jar;C:\Users\MiT\.m2\repository\ch\qos\logback\logback-classic\1.5.6\logback-classic-1.5.6.jar;C:\Users\MiT\.m2\repository\ch\qos\logback\logback-core\1.5.6\logback-core-1.5.6.jar;C:\Users\MiT\.m2\repository\org\apache\logging\log4j\log4j-to-slf4j\2.23.1\log4j-to-slf4j-2.23.1.jar;C:\Users\MiT\.m2\repository\org\apache\logging\log4j\log4j-api\2.23.1\log4j-api-2.23.1.jar;C:\Users\MiT\.m2\repository\org\slf4j\jul-to-slf4j\2.0.13\jul-to-slf4j-2.0.13.jar;C:\Users\MiT\.m2\repository\org\yaml\snakeyaml\2.2\snakeyaml-2.2.jar;C:\Users\MiT\.m2\repository\org\springframework\spring-aop\6.1.8\spring-aop-6.1.8.jar;C:\Users\MiT\.m2\repository\org\springframework\security\spring-security-config\6.3.0\spring-security-config-6.3.0.jar;C:\Users\MiT\.m2\repository\org\springframework\security\spring-security-web\6.3.0\spring-security-web-6.3.0.jar;C:\Users\MiT\.m2\repository\org\springframework\spring-expression\6.1.8\spring-expression-6.1.8.jar;C:\Users\MiT\.m2\repository\org\springframework\boot\spring-boot-starter-web\3.3.0\spring-boot-starter-web-3.3.0.jar;C:\Users\MiT\.m2\repository\org\springframework\boot\spring-boot-starter-json\3.3.0\spring-boot-starter-json-3.3.0.jar;C:\Users\MiT\.m2\repository\com\fasterxml\jackson\core\jackson-databind\2.17.1\jackson-databind-2.17.1.jar;C:\Users\MiT\.m2\repository\com\fasterxml\jackson\core\jackson-annotations\2.17.1\jackson-annotations-2.17.1.jar;C:\Users\MiT\.m2\repository\com\fasterxml\jackson\core\jackson-core\2.17.1\jackson-core-2.17.1.jar;C:\Users\MiT\.m2\repository\com\fasterxml\jackson\datatype\jackson-datatype-jdk8\2.17.1\jackson-datatype-jdk8-2.17.1.jar;C:\Users\MiT\.m2\repository\com\fasterxml\jackson\datatype\jackson-datatype-jsr310\2.17.1\jackson-datatype-jsr310-2.17.1.jar;C:\Users\MiT\.m2\repository\com\fasterxml\jackson\module\jackson-module-parameter-names\2.17.1\jackson-module-parameter-names-2.17.1.jar;C:\Users\MiT\.m2\repository\org\springframework\boot\spring-boot-starter-tomcat\3.3.0\spring-boot-starter-tomcat-3.3.0.jar;C:\Users\MiT\.m2\repository\org\apache\tomcat\embed\tomcat-embed-core\10.1.24\tomcat-embed-core-10.1.24.jar;C:\Users\MiT\.m2\repository\org\apache\tomcat\embed\tomcat-embed-el\10.1.24\tomcat-embed-el-10.1.24.jar;C:\Users\MiT\.m2\repository\org\apache\tomcat\embed\tomcat-embed-websocket\10.1.24\tomcat-embed-websocket-10.1.24.jar;C:\Users\MiT\.m2\repository\org\springframework\spring-web\6.1.8\spring-web-6.1.8.jar;C:\Users\MiT\.m2\repository\io\micrometer\micrometer-observation\1.13.0\micrometer-observation-1.13.0.jar;C:\Users\MiT\.m2\repository\io\micrometer\micrometer-commons\1.13.0\micrometer-commons-1.13.0.jar;C:\Users\MiT\.m2\repository\org\springframework\spring-webmvc\6.1.8\spring-webmvc-6.1.8.jar;C:\Users\MiT\.m2\repository\org\modelmapper\modelmapper\3.2.0\modelmapper-3.2.0.jar;C:\Users\MiT\.m2\repository\org\springdoc\springdoc-openapi-starter-webmvc-ui\2.1.0\springdoc-openapi-starter-webmvc-ui-2.1.0.jar;C:\Users\MiT\.m2\repository\org\springdoc\springdoc-openapi-starter-webmvc-api\2.1.0\springdoc-openapi-starter-webmvc-api-2.1.0.jar;C:\Users\MiT\.m2\repository\org\springdoc\springdoc-openapi-starter-common\2.1.0\springdoc-openapi-starter-common-2.1.0.jar;C:\Users\MiT\.m2\repository\io\swagger\core\v3\swagger-core-jakarta\2.2.9\swagger-core-jakarta-2.2.9.jar;C:\Users\MiT\.m2\repository\org\apache\commons\commons-lang3\3.14.0\commons-lang3-3.14.0.jar;C:\Users\MiT\.m2\repository\io\swagger\core\v3\swagger-annotations-jakarta\2.2.9\swagger-annotations-jakarta-2.2.9.jar;C:\Users\MiT\.m2\repository\io\swagger\core\v3\swagger-models-jakarta\2.2.9\swagger-models-jakarta-2.2.9.jar;C:\Users\MiT\.m2\repository\jakarta\validation\jakarta.validation-api\3.0.2\jakarta.validation-api-3.0.2.jar;C:\Users\MiT\.m2\repository\com\fasterxml\jackson\dataformat\jackson-dataformat-yaml\2.17.1\jackson-dataformat-yaml-2.17.1.jar;C:\Users\MiT\.m2\repository\org\webjars\swagger-ui\4.18.2\swagger-ui-4.18.2.jar;C:\Users\MiT\.m2\repository\org\postgresql\postgresql\42.7.3\postgresql-42.7.3.jar;C:\Users\MiT\.m2\repository\org\checkerframework\checker-qual\3.42.0\checker-qual-3.42.0.jar;C:\Users\MiT\.m2\repository\org\projectlombok\lombok\1.18.32\lombok-1.18.32.jar;C:\Users\MiT\.m2\repository\org\springframework\boot\spring-boot-starter-test\3.3.0\spring-boot-starter-test-3.3.0.jar;C:\Users\MiT\.m2\repository\org\springframework\boot\spring-boot-test\3.3.0\spring-boot-test-3.3.0.jar;C:\Users\MiT\.m2\repository\org\springframework\boot\spring-boot-test-autoconfigure\3.3.0\spring-boot-test-autoconfigure-3.3.0.jar;C:\Users\MiT\.m2\repository\com\jayway\jsonpath\json-path\2.9.0\json-path-2.9.0.jar;C:\Users\MiT\.m2\repository\jakarta\xml\bind\jakarta.xml.bind-api\4.0.2\jakarta.xml.bind-api-4.0.2.jar;C:\Users\MiT\.m2\repository\jakarta\activation\jakarta.activation-api\2.1.3\jakarta.activation-api-2.1.3.jar;C:\Users\MiT\.m2\repository\net\minidev\json-smart\2.5.1\json-smart-2.5.1.jar;C:\Users\MiT\.m2\repository\net\minidev\accessors-smart\2.5.1\accessors-smart-2.5.1.jar;C:\Users\MiT\.m2\repository\org\ow2\asm\asm\9.6\asm-9.6.jar;C:\Users\MiT\.m2\repository\org\assertj\assertj-core\3.25.3\assertj-core-3.25.3.jar;C:\Users\MiT\.m2\repository\org\awaitility\awaitility\4.2.1\awaitility-4.2.1.jar;C:\Users\MiT\.m2\repository\org\hamcrest\hamcrest\2.2\hamcrest-2.2.jar;C:\Users\MiT\.m2\repository\org\junit\jupiter\junit-jupiter\5.10.2\junit-jupiter-5.10.2.jar;C:\Users\MiT\.m2\repository\org\junit\jupiter\junit-jupiter-api\5.10.2\junit-jupiter-api-5.10.2.jar;C:\Users\MiT\.m2\repository\org\opentest4j\opentest4j\1.3.0\opentest4j-1.3.0.jar;C:\Users\MiT\.m2\repository\org\junit\platform\junit-platform-commons\1.10.2\junit-platform-commons-1.10.2.jar;C:\Users\MiT\.m2\repository\org\apiguardian\apiguardian-api\1.1.2\apiguardian-api-1.1.2.jar;C:\Users\MiT\.m2\repository\org\junit\jupiter\junit-jupiter-params\5.10.2\junit-jupiter-params-5.10.2.jar;C:\Users\MiT\.m2\repository\org\junit\jupiter\junit-jupiter-engine\5.10.2\junit-jupiter-engine-5.10.2.jar;C:\Users\MiT\.m2\repository\org\junit\platform\junit-platform-engine\1.10.2\junit-platform-engine-1.10.2.jar;C:\Users\MiT\.m2\repository\org\mockito\mockito-core\5.11.0\mockito-core-5.11.0.jar;C:\Users\MiT\.m2\repository\net\bytebuddy\byte-buddy-agent\1.14.16\byte-buddy-agent-1.14.16.jar;C:\Users\MiT\.m2\repository\org\objenesis\objenesis\3.3\objenesis-3.3.jar;C:\Users\MiT\.m2\repository\org\mockito\mockito-junit-jupiter\5.11.0\mockito-junit-jupiter-5.11.0.jar;C:\Users\MiT\.m2\repository\org\skyscreamer\jsonassert\1.5.1\jsonassert-1.5.1.jar;C:\Users\MiT\.m2\repository\com\vaadin\external\google\android-json\0.0.20131108.vaadin1\android-json-0.0.20131108.vaadin1.jar;C:\Users\MiT\.m2\repository\org\springframework\spring-core\6.1.8\spring-core-6.1.8.jar;C:\Users\MiT\.m2\repository\org\springframework\spring-jcl\6.1.8\spring-jcl-6.1.8.jar;C:\Users\MiT\.m2\repository\org\springframework\spring-test\6.1.8\spring-test-6.1.8.jar;C:\Users\MiT\.m2\repository\org\xmlunit\xmlunit-core\2.9.1\xmlunit-core-2.9.1.jar;C:\Users\MiT\.m2\repository\org\springframework\security\spring-security-test\6.3.0\spring-security-test-6.3.0.jar;C:\Users\MiT\.m2\repository\org\springframework\security\spring-security-core\6.3.0\spring-security-core-6.3.0.jar;C:\Users\MiT\.m2\repository\org\springframework\security\spring-security-crypto\6.3.0\spring-security-crypto-6.3.0.jar;C:\Users\MiT\.m2\repository\org\apache\kafka\kafka-clients\3.4.0\kafka-clients-3.4.0.jar;C:\Users\MiT\.m2\repository\com\github\luben\zstd-jni\1.5.2-1\zstd-jni-1.5.2-1.jar;C:\Users\MiT\.m2\repository\org\lz4\lz4-java\1.8.0\lz4-java-1.8.0.jar;C:\Users\MiT\.m2\repository\org\xerial\snappy\snappy-java\1.1.8.4\snappy-java-1.1.8.4.jar;C:\Users\MiT\.m2\repository\org\slf4j\slf4j-api\2.0.13\slf4j-api-2.0.13.jar;"/>
    <property name="java.vm.vendor" value="Oracle Corporation"/>
    <property name="sun.arch.data.model" value="64"/>
    <property name="user.variant" value=""/>
    <property name="java.vendor.url" value="https://java.oracle.com/"/>
    <property name="user.timezone" value="GMT+01:00"/>
    <property name="org.jboss.logging.provider" value="slf4j"/>
    <property name="os.name" value="Windows 10"/>
    <property name="java.vm.specification.version" value="17"/>
    <property name="sun.java.launcher" value="SUN_STANDARD"/>
    <property name="user.country" value="US"/>
    <property name="sun.boot.library.path" value="C:\Program Files\Java\jdk-17\bin"/>
    <property name="sun.java.command" value="C:\Users\MiT\AppData\Local\Temp\surefire1145832740756847793\surefirebooter-20240605224037255_3.jar C:\Users\MiT\AppData\Local\Temp\surefire1145832740756847793 2024-06-05T22-40-37_036-jvmRun1 surefire-20240605224037255_1tmp surefire_0-20240605224037255_2tmp"/>
    <property name="jdk.debug" value="release"/>
    <property name="surefire.test.class.path" value="D:\3ls\Memoire\ClinicCare1\target\test-classes;D:\3ls\Memoire\ClinicCare1\target\classes;C:\Users\MiT\.m2\repository\org\springframework\boot\spring-boot-starter-data-jpa\3.3.0\spring-boot-starter-data-jpa-3.3.0.jar;C:\Users\MiT\.m2\repository\org\springframework\boot\spring-boot-starter-aop\3.3.0\spring-boot-starter-aop-3.3.0.jar;C:\Users\MiT\.m2\repository\org\aspectj\aspectjweaver\1.9.22\aspectjweaver-1.9.22.jar;C:\Users\MiT\.m2\repository\org\springframework\boot\spring-boot-starter-jdbc\3.3.0\spring-boot-starter-jdbc-3.3.0.jar;C:\Users\MiT\.m2\repository\com\zaxxer\HikariCP\5.1.0\HikariCP-5.1.0.jar;C:\Users\MiT\.m2\repository\org\springframework\spring-jdbc\6.1.8\spring-jdbc-6.1.8.jar;C:\Users\MiT\.m2\repository\org\hibernate\orm\hibernate-core\6.5.2.Final\hibernate-core-6.5.2.Final.jar;C:\Users\MiT\.m2\repository\jakarta\persistence\jakarta.persistence-api\3.1.0\jakarta.persistence-api-3.1.0.jar;C:\Users\MiT\.m2\repository\jakarta\transaction\jakarta.transaction-api\2.0.1\jakarta.transaction-api-2.0.1.jar;C:\Users\MiT\.m2\repository\org\jboss\logging\jboss-logging\3.5.3.Final\jboss-logging-3.5.3.Final.jar;C:\Users\MiT\.m2\repository\org\hibernate\common\hibernate-commons-annotations\6.0.6.Final\hibernate-commons-annotations-6.0.6.Final.jar;C:\Users\MiT\.m2\repository\io\smallrye\jandex\3.1.2\jandex-3.1.2.jar;C:\Users\MiT\.m2\repository\com\fasterxml\classmate\1.7.0\classmate-1.7.0.jar;C:\Users\MiT\.m2\repository\net\bytebuddy\byte-buddy\1.14.16\byte-buddy-1.14.16.jar;C:\Users\MiT\.m2\repository\org\glassfish\jaxb\jaxb-runtime\4.0.5\jaxb-runtime-4.0.5.jar;C:\Users\MiT\.m2\repository\org\glassfish\jaxb\jaxb-core\4.0.5\jaxb-core-4.0.5.jar;C:\Users\MiT\.m2\repository\org\eclipse\angus\angus-activation\2.0.2\angus-activation-2.0.2.jar;C:\Users\MiT\.m2\repository\org\glassfish\jaxb\txw2\4.0.5\txw2-4.0.5.jar;C:\Users\MiT\.m2\repository\com\sun\istack\istack-commons-runtime\4.1.2\istack-commons-runtime-4.1.2.jar;C:\Users\MiT\.m2\repository\jakarta\inject\jakarta.inject-api\2.0.1\jakarta.inject-api-2.0.1.jar;C:\Users\MiT\.m2\repository\org\antlr\antlr4-runtime\4.13.0\antlr4-runtime-4.13.0.jar;C:\Users\MiT\.m2\repository\org\springframework\data\spring-data-jpa\3.3.0\spring-data-jpa-3.3.0.jar;C:\Users\MiT\.m2\repository\org\springframework\data\spring-data-commons\3.3.0\spring-data-commons-3.3.0.jar;C:\Users\MiT\.m2\repository\org\springframework\spring-orm\6.1.8\spring-orm-6.1.8.jar;C:\Users\MiT\.m2\repository\org\springframework\spring-context\6.1.8\spring-context-6.1.8.jar;C:\Users\MiT\.m2\repository\org\springframework\spring-tx\6.1.8\spring-tx-6.1.8.jar;C:\Users\MiT\.m2\repository\org\springframework\spring-beans\6.1.8\spring-beans-6.1.8.jar;C:\Users\MiT\.m2\repository\jakarta\annotation\jakarta.annotation-api\2.1.1\jakarta.annotation-api-2.1.1.jar;C:\Users\MiT\.m2\repository\org\springframework\spring-aspects\6.1.8\spring-aspects-6.1.8.jar;C:\Users\MiT\.m2\repository\org\springframework\boot\spring-boot-starter-security\3.3.0\spring-boot-starter-security-3.3.0.jar;C:\Users\MiT\.m2\repository\org\springframework\boot\spring-boot-starter\3.3.0\spring-boot-starter-3.3.0.jar;C:\Users\MiT\.m2\repository\org\springframework\boot\spring-boot\3.3.0\spring-boot-3.3.0.jar;C:\Users\MiT\.m2\repository\org\springframework\boot\spring-boot-autoconfigure\3.3.0\spring-boot-autoconfigure-3.3.0.jar;C:\Users\MiT\.m2\repository\org\springframework\boot\spring-boot-starter-logging\3.3.0\spring-boot-starter-logging-3.3.0.jar;C:\Users\MiT\.m2\repository\ch\qos\logback\logback-classic\1.5.6\logback-classic-1.5.6.jar;C:\Users\MiT\.m2\repository\ch\qos\logback\logback-core\1.5.6\logback-core-1.5.6.jar;C:\Users\MiT\.m2\repository\org\apache\logging\log4j\log4j-to-slf4j\2.23.1\log4j-to-slf4j-2.23.1.jar;C:\Users\MiT\.m2\repository\org\apache\logging\log4j\log4j-api\2.23.1\log4j-api-2.23.1.jar;C:\Users\MiT\.m2\repository\org\slf4j\jul-to-slf4j\2.0.13\jul-to-slf4j-2.0.13.jar;C:\Users\MiT\.m2\repository\org\yaml\snakeyaml\2.2\snakeyaml-2.2.jar;C:\Users\MiT\.m2\repository\org\springframework\spring-aop\6.1.8\spring-aop-6.1.8.jar;C:\Users\MiT\.m2\repository\org\springframework\security\spring-security-config\6.3.0\spring-security-config-6.3.0.jar;C:\Users\MiT\.m2\repository\org\springframework\security\spring-security-web\6.3.0\spring-security-web-6.3.0.jar;C:\Users\MiT\.m2\repository\org\springframework\spring-expression\6.1.8\spring-expression-6.1.8.jar;C:\Users\MiT\.m2\repository\org\springframework\boot\spring-boot-starter-web\3.3.0\spring-boot-starter-web-3.3.0.jar;C:\Users\MiT\.m2\repository\org\springframework\boot\spring-boot-starter-json\3.3.0\spring-boot-starter-json-3.3.0.jar;C:\Users\MiT\.m2\repository\com\fasterxml\jackson\core\jackson-databind\2.17.1\jackson-databind-2.17.1.jar;C:\Users\MiT\.m2\repository\com\fasterxml\jackson\core\jackson-annotations\2.17.1\jackson-annotations-2.17.1.jar;C:\Users\MiT\.m2\repository\com\fasterxml\jackson\core\jackson-core\2.17.1\jackson-core-2.17.1.jar;C:\Users\MiT\.m2\repository\com\fasterxml\jackson\datatype\jackson-datatype-jdk8\2.17.1\jackson-datatype-jdk8-2.17.1.jar;C:\Users\MiT\.m2\repository\com\fasterxml\jackson\datatype\jackson-datatype-jsr310\2.17.1\jackson-datatype-jsr310-2.17.1.jar;C:\Users\MiT\.m2\repository\com\fasterxml\jackson\module\jackson-module-parameter-names\2.17.1\jackson-module-parameter-names-2.17.1.jar;C:\Users\MiT\.m2\repository\org\springframework\boot\spring-boot-starter-tomcat\3.3.0\spring-boot-starter-tomcat-3.3.0.jar;C:\Users\MiT\.m2\repository\org\apache\tomcat\embed\tomcat-embed-core\10.1.24\tomcat-embed-core-10.1.24.jar;C:\Users\MiT\.m2\repository\org\apache\tomcat\embed\tomcat-embed-el\10.1.24\tomcat-embed-el-10.1.24.jar;C:\Users\MiT\.m2\repository\org\apache\tomcat\embed\tomcat-embed-websocket\10.1.24\tomcat-embed-websocket-10.1.24.jar;C:\Users\MiT\.m2\repository\org\springframework\spring-web\6.1.8\spring-web-6.1.8.jar;C:\Users\MiT\.m2\repository\io\micrometer\micrometer-observation\1.13.0\micrometer-observation-1.13.0.jar;C:\Users\MiT\.m2\repository\io\micrometer\micrometer-commons\1.13.0\micrometer-commons-1.13.0.jar;C:\Users\MiT\.m2\repository\org\springframework\spring-webmvc\6.1.8\spring-webmvc-6.1.8.jar;C:\Users\MiT\.m2\repository\org\modelmapper\modelmapper\3.2.0\modelmapper-3.2.0.jar;C:\Users\MiT\.m2\repository\org\springdoc\springdoc-openapi-starter-webmvc-ui\2.1.0\springdoc-openapi-starter-webmvc-ui-2.1.0.jar;C:\Users\MiT\.m2\repository\org\springdoc\springdoc-openapi-starter-webmvc-api\2.1.0\springdoc-openapi-starter-webmvc-api-2.1.0.jar;C:\Users\MiT\.m2\repository\org\springdoc\springdoc-openapi-starter-common\2.1.0\springdoc-openapi-starter-common-2.1.0.jar;C:\Users\MiT\.m2\repository\io\swagger\core\v3\swagger-core-jakarta\2.2.9\swagger-core-jakarta-2.2.9.jar;C:\Users\MiT\.m2\repository\org\apache\commons\commons-lang3\3.14.0\commons-lang3-3.14.0.jar;C:\Users\MiT\.m2\repository\io\swagger\core\v3\swagger-annotations-jakarta\2.2.9\swagger-annotations-jakarta-2.2.9.jar;C:\Users\MiT\.m2\repository\io\swagger\core\v3\swagger-models-jakarta\2.2.9\swagger-models-jakarta-2.2.9.jar;C:\Users\MiT\.m2\repository\jakarta\validation\jakarta.validation-api\3.0.2\jakarta.validation-api-3.0.2.jar;C:\Users\MiT\.m2\repository\com\fasterxml\jackson\dataformat\jackson-dataformat-yaml\2.17.1\jackson-dataformat-yaml-2.17.1.jar;C:\Users\MiT\.m2\repository\org\webjars\swagger-ui\4.18.2\swagger-ui-4.18.2.jar;C:\Users\MiT\.m2\repository\org\postgresql\postgresql\42.7.3\postgresql-42.7.3.jar;C:\Users\MiT\.m2\repository\org\checkerframework\checker-qual\3.42.0\checker-qual-3.42.0.jar;C:\Users\MiT\.m2\repository\org\projectlombok\lombok\1.18.32\lombok-1.18.32.jar;C:\Users\MiT\.m2\repository\org\springframework\boot\spring-boot-starter-test\3.3.0\spring-boot-starter-test-3.3.0.jar;C:\Users\MiT\.m2\repository\org\springframework\boot\spring-boot-test\3.3.0\spring-boot-test-3.3.0.jar;C:\Users\MiT\.m2\repository\org\springframework\boot\spring-boot-test-autoconfigure\3.3.0\spring-boot-test-autoconfigure-3.3.0.jar;C:\Users\MiT\.m2\repository\com\jayway\jsonpath\json-path\2.9.0\json-path-2.9.0.jar;C:\Users\MiT\.m2\repository\jakarta\xml\bind\jakarta.xml.bind-api\4.0.2\jakarta.xml.bind-api-4.0.2.jar;C:\Users\MiT\.m2\repository\jakarta\activation\jakarta.activation-api\2.1.3\jakarta.activation-api-2.1.3.jar;C:\Users\MiT\.m2\repository\net\minidev\json-smart\2.5.1\json-smart-2.5.1.jar;C:\Users\MiT\.m2\repository\net\minidev\accessors-smart\2.5.1\accessors-smart-2.5.1.jar;C:\Users\MiT\.m2\repository\org\ow2\asm\asm\9.6\asm-9.6.jar;C:\Users\MiT\.m2\repository\org\assertj\assertj-core\3.25.3\assertj-core-3.25.3.jar;C:\Users\MiT\.m2\repository\org\awaitility\awaitility\4.2.1\awaitility-4.2.1.jar;C:\Users\MiT\.m2\repository\org\hamcrest\hamcrest\2.2\hamcrest-2.2.jar;C:\Users\MiT\.m2\repository\org\junit\jupiter\junit-jupiter\5.10.2\junit-jupiter-5.10.2.jar;C:\Users\MiT\.m2\repository\org\junit\jupiter\junit-jupiter-api\5.10.2\junit-jupiter-api-5.10.2.jar;C:\Users\MiT\.m2\repository\org\opentest4j\opentest4j\1.3.0\opentest4j-1.3.0.jar;C:\Users\MiT\.m2\repository\org\junit\platform\junit-platform-commons\1.10.2\junit-platform-commons-1.10.2.jar;C:\Users\MiT\.m2\repository\org\apiguardian\apiguardian-api\1.1.2\apiguardian-api-1.1.2.jar;C:\Users\MiT\.m2\repository\org\junit\jupiter\junit-jupiter-params\5.10.2\junit-jupiter-params-5.10.2.jar;C:\Users\MiT\.m2\repository\org\junit\jupiter\junit-jupiter-engine\5.10.2\junit-jupiter-engine-5.10.2.jar;C:\Users\MiT\.m2\repository\org\junit\platform\junit-platform-engine\1.10.2\junit-platform-engine-1.10.2.jar;C:\Users\MiT\.m2\repository\org\mockito\mockito-core\5.11.0\mockito-core-5.11.0.jar;C:\Users\MiT\.m2\repository\net\bytebuddy\byte-buddy-agent\1.14.16\byte-buddy-agent-1.14.16.jar;C:\Users\MiT\.m2\repository\org\objenesis\objenesis\3.3\objenesis-3.3.jar;C:\Users\MiT\.m2\repository\org\mockito\mockito-junit-jupiter\5.11.0\mockito-junit-jupiter-5.11.0.jar;C:\Users\MiT\.m2\repository\org\skyscreamer\jsonassert\1.5.1\jsonassert-1.5.1.jar;C:\Users\MiT\.m2\repository\com\vaadin\external\google\android-json\0.0.20131108.vaadin1\android-json-0.0.20131108.vaadin1.jar;C:\Users\MiT\.m2\repository\org\springframework\spring-core\6.1.8\spring-core-6.1.8.jar;C:\Users\MiT\.m2\repository\org\springframework\spring-jcl\6.1.8\spring-jcl-6.1.8.jar;C:\Users\MiT\.m2\repository\org\springframework\spring-test\6.1.8\spring-test-6.1.8.jar;C:\Users\MiT\.m2\repository\org\xmlunit\xmlunit-core\2.9.1\xmlunit-core-2.9.1.jar;C:\Users\MiT\.m2\repository\org\springframework\security\spring-security-test\6.3.0\spring-security-test-6.3.0.jar;C:\Users\MiT\.m2\repository\org\springframework\security\spring-security-core\6.3.0\spring-security-core-6.3.0.jar;C:\Users\MiT\.m2\repository\org\springframework\security\spring-security-crypto\6.3.0\spring-security-crypto-6.3.0.jar;C:\Users\MiT\.m2\repository\org\apache\kafka\kafka-clients\3.4.0\kafka-clients-3.4.0.jar;C:\Users\MiT\.m2\repository\com\github\luben\zstd-jni\1.5.2-1\zstd-jni-1.5.2-1.jar;C:\Users\MiT\.m2\repository\org\lz4\lz4-java\1.8.0\lz4-java-1.8.0.jar;C:\Users\MiT\.m2\repository\org\xerial\snappy\snappy-java\1.1.8.4\snappy-java-1.1.8.4.jar;C:\Users\MiT\.m2\repository\org\slf4j\slf4j-api\2.0.13\slf4j-api-2.0.13.jar;"/>
    <property name="sun.cpu.endian" value="little"/>
    <property name="user.home" value="C:\Users\MiT"/>
    <property name="user.language" value="en"/>
    <property name="java.specification.vendor" value="Oracle Corporation"/>
    <property name="java.version.date" value="2024-01-16"/>
    <property name="java.home" value="C:\Program Files\Java\jdk-17"/>
    <property name="file.separator" value="\"/>
    <property name="basedir" value="D:\3ls\Memoire\ClinicCare1"/>
    <property name="java.vm.compressedOopsMode" value="32-bit"/>
    <property name="line.separator" value="&#10;"/>
    <property name="java.vm.specification.vendor" value="Oracle Corporation"/>
    <property name="java.specification.name" value="Java Platform API Specification"/>
    <property name="FILE_LOG_CHARSET" value="windows-1252"/>
    <property name="java.awt.headless" value="true"/>
    <property name="surefire.real.class.path" value="C:\Users\MiT\AppData\Local\Temp\surefire1145832740756847793\surefirebooter-20240605224037255_3.jar"/>
    <property name="user.script" value=""/>
    <property name="sun.management.compiler" value="HotSpot 64-Bit Tiered Compilers"/>
    <property name="java.runtime.version" value="17.0.10+11-LTS-240"/>
    <property name="user.name" value="MiT"/>
    <property name="path.separator" value=";"/>
    <property name="os.version" value="10.0"/>
    <property name="java.runtime.name" value="Java(TM) SE Runtime Environment"/>
    <property name="file.encoding" value="Cp1252"/>
    <property name="java.vm.name" value="Java HotSpot(TM) 64-Bit Server VM"/>
    <property name="localRepository" value="C:\Users\MiT\.m2\repository"/>
    <property name="java.vendor.url.bug" value="https://bugreport.java.com/bugreport/"/>
    <property name="java.io.tmpdir" value="C:\Users\MiT\AppData\Local\Temp\"/>
    <property name="com.zaxxer.hikari.pool_number" value="1"/>
    <property name="java.version" value="17.0.10"/>
    <property name="user.dir" value="D:\3ls\Memoire\ClinicCare1"/>
    <property name="os.arch" value="amd64"/>
    <property name="java.vm.specification.name" value="Java Virtual Machine Specification"/>
    <property name="PID" value="15256"/>
    <property name="sun.os.patch.level" value=""/>
    <property name="CONSOLE_LOG_CHARSET" value="windows-1252"/>
    <property name="native.encoding" value="Cp1252"/>
    <property name="java.library.path" value="C:\Program Files\Java\jdk-17\bin;C:\Windows\Sun\Java\bin;C:\Windows\system32;C:\Windows;C:\Program Files\Common Files\Oracle\Java\javapath;C:\Windows\system32;C:\Windows;C:\Windows\System32\Wbem;C:\Windows\System32\WindowsPowerShell\v1.0\;C:\Windows\System32\OpenSSH\;C:\Program Files\Docker\Docker\resources\bin;C:\Program Files\dotnet\;C:\Program Files\Git\cmd;C:\Users\MiT\AppData\Local\Programs\Python\Launcher\;C:\Users\MiT\AppData\Local\Microsoft\WindowsApps;;D:\IntelliJ IDEA 2023.3.3\bin;C:\Program Files\Maven\bin;;C:\Users\MiT\AppData\Local\Programs\Microsoft VS Code\bin;."/>
    <property name="java.vm.info" value="mixed mode, sharing"/>
    <property name="java.vendor" value="Oracle Corporation"/>
    <property name="java.vm.version" value="17.0.10+11-LTS-240"/>
    <property name="sun.io.unicode.encoding" value="UnicodeLittle"/>
    <property name="java.class.version" value="61.0"/>
  </properties>
  <testcase name="contextLoads" classname="org.example.cliniccare1.ClinicCare1ApplicationTests" time="0.551">
    <system-out><![CDATA[22:40:38.239 [main] INFO org.springframework.test.context.support.AnnotationConfigContextLoaderUtils -- Could not detect default configuration classes for test class [org.example.cliniccare1.ClinicCare1ApplicationTests]: ClinicCare1ApplicationTests does not declare any static, non-private, non-final, nested classes annotated with @Configuration.
22:40:38.358 [main] INFO org.springframework.boot.test.context.SpringBootTestContextBootstrapper -- Found @SpringBootConfiguration org.example.cliniccare1.ClinicCare1Application for test class org.example.cliniccare1.ClinicCare1ApplicationTests
  .   ____          _            __ _ _
 /\\ / ___'_ __ _ _(_)_ __  __ _ \ \ \ \
( ( )\___ | '_ | '_| | '_ \/ _` | \ \ \ \
 \\/  ___)| |_)| | | | | || (_| |  ) ) ) )
  '  |____| .__|_| |_|_| |_\__, | / / / /
 =========|_|==============|___/=/_/_/_/

 :: Spring Boot ::                (v3.3.0)

2024-06-05T22:40:38.952+01:00  INFO 15256 --- [           main] o.e.c.ClinicCare1ApplicationTests        : Starting ClinicCare1ApplicationTests using Java 17.0.10 with PID 15256 (started by MiT in D:\3ls\Memoire\ClinicCare1)
2024-06-05T22:40:38.957+01:00  INFO 15256 --- [           main] o.e.c.ClinicCare1ApplicationTests        : No active profile set, falling back to 1 default profile: "default"
2024-06-05T22:40:40.246+01:00  INFO 15256 --- [           main] .s.d.r.c.RepositoryConfigurationDelegate : Bootstrapping Spring Data JPA repositories in DEFAULT mode.
2024-06-05T22:40:40.380+01:00  INFO 15256 --- [           main] .s.d.r.c.RepositoryConfigurationDelegate : Finished Spring Data repository scanning in 122 ms. Found 9 JPA repository interfaces.
2024-06-05T22:40:41.096+01:00  INFO 15256 --- [           main] o.hibernate.jpa.internal.util.LogHelper  : HHH000204: Processing PersistenceUnitInfo [name: default]
2024-06-05T22:40:41.203+01:00  INFO 15256 --- [           main] org.hibernate.Version                    : HHH000412: Hibernate ORM core version 6.5.2.Final
2024-06-05T22:40:41.282+01:00  INFO 15256 --- [           main] o.h.c.internal.RegionFactoryInitiator    : HHH000026: Second-level cache disabled
2024-06-05T22:40:41.772+01:00  INFO 15256 --- [           main] o.s.o.j.p.SpringPersistenceUnitInfo      : No LoadTimeWeaver setup: ignoring JPA class transformer
2024-06-05T22:40:41.811+01:00  INFO 15256 --- [           main] com.zaxxer.hikari.HikariDataSource       : HikariPool-1 - Starting...
2024-06-05T22:40:46.400+01:00  INFO 15256 --- [           main] com.zaxxer.hikari.pool.HikariPool        : HikariPool-1 - Added connection org.postgresql.jdbc.PgConnection@67e11bda
2024-06-05T22:40:46.403+01:00  INFO 15256 --- [           main] com.zaxxer.hikari.HikariDataSource       : HikariPool-1 - Start completed.
2024-06-05T22:40:46.753+01:00  WARN 15256 --- [           main] org.hibernate.orm.deprecation            : HHH90000025: PostgreSQLDialect does not need to be specified explicitly using 'hibernate.dialect' (remove the property setting and it will be selected by default)
2024-06-05T22:40:48.921+01:00  INFO 15256 --- [           main] o.h.e.t.j.p.i.JtaPlatformInitiator       : HHH000489: No JTA platform available (set 'hibernate.transaction.jta.platform' to enable JTA platform integration)
2024-06-05T22:40:49.861+01:00 DEBUG 15256 --- [           main] org.hibernate.SQL                        : create table clinics (clinic_id integer not null, address varchar(255), creation_date timestamp(6), description varchar(255), clinic_email varchar(255), name varchar(255), password varchar(255), place varchar(255), type varchar(255), primary key (clinic_id))
Hibernate: create table clinics (clinic_id integer not null, address varchar(255), creation_date timestamp(6), description varchar(255), clinic_email varchar(255), name varchar(255), password varchar(255), place varchar(255), type varchar(255), primary key (clinic_id))
2024-06-05T22:40:50.075+01:00 DEBUG 15256 --- [           main] org.hibernate.SQL                        : create table clinics_companies (clinic_id integer not null, company_id bigint not null)
Hibernate: create table clinics_companies (clinic_id integer not null, company_id bigint not null)
2024-06-05T22:40:50.279+01:00 DEBUG 15256 --- [           main] org.hibernate.SQL                        : create table clinics_profiles (profile_id bigint not null, user_id integer not null)
Hibernate: create table clinics_profiles (profile_id bigint not null, user_id integer not null)
2024-06-05T22:40:50.486+01:00 DEBUG 15256 --- [           main] org.hibernate.SQL                        : create table companies (company_id bigint not null, company_name varchar(255), company_type varchar(255), primary key (company_id))
Hibernate: create table companies (company_id bigint not null, company_name varchar(255), company_type varchar(255), primary key (company_id))
2024-06-05T22:40:50.699+01:00 DEBUG 15256 --- [           main] org.hibernate.SQL                        : create table medical_directories (md_id integer not null, blood_group varchar(255), congenital_conditions varchar(255), creation_date timestamp(6), maj_date timestamp(6), national_service varchar(255), prof_diseases_lpp float4, qualifications varchar(255), rhesus varchar(255), social_securiy_number integer, user_id bigint, primary key (md_id))
Hibernate: create table medical_directories (md_id integer not null, blood_group varchar(255), congenital_conditions varchar(255), creation_date timestamp(6), maj_date timestamp(6), national_service varchar(255), prof_diseases_lpp float4, qualifications varchar(255), rhesus varchar(255), social_securiy_number integer, user_id bigint, primary key (md_id))
2024-06-05T22:40:50.910+01:00 DEBUG 15256 --- [           main] org.hibernate.SQL                        : create table medical_files (mf_id bigint generated by default as identity, creation_date timestamp(6), maj_date timestamp(6), prescription varchar(255), user_id bigint, primary key (mf_id))
Hibernate: create table medical_files (mf_id bigint generated by default as identity, creation_date timestamp(6), maj_date timestamp(6), prescription varchar(255), user_id bigint, primary key (mf_id))
2024-06-05T22:40:51.168+01:00 DEBUG 15256 --- [           main] org.hibernate.SQL                        : create table medical_visit_appointments (mva_id bigint generated by default as identity, mva_date timestamp(6), visit_type varchar(255), user_id bigint, primary key (mva_id))
Hibernate: create table medical_visit_appointments (mva_id bigint generated by default as identity, mva_date timestamp(6), visit_type varchar(255), user_id bigint, primary key (mva_id))
2024-06-05T22:40:51.398+01:00 DEBUG 15256 --- [           main] org.hibernate.SQL                        : create table medicaments (medicament_id bigint not null, brand_name varchar(255), code varchar(255), dosage float4, form varchar(255), ntid bigint, num_cans bigint, primary key (medicament_id))
Hibernate: create table medicaments (medicament_id bigint not null, brand_name varchar(255), code varchar(255), dosage float4, form varchar(255), ntid bigint, num_cans bigint, primary key (medicament_id))
2024-06-05T22:40:51.627+01:00 DEBUG 15256 --- [           main] org.hibernate.SQL                        : create table medicaments_medical_file (medicament_id bigint not null, mf_id bigint not null)
Hibernate: create table medicaments_medical_file (medicament_id bigint not null, mf_id bigint not null)
2024-06-05T22:40:51.831+01:00 DEBUG 15256 --- [           main] org.hibernate.SQL                        : create table profiles (profile_id bigint not null, label varchar(255), role varchar(255), primary key (profile_id))
Hibernate: create table profiles (profile_id bigint not null, label varchar(255), role varchar(255), primary key (profile_id))
2024-06-05T22:40:52.068+01:00 DEBUG 15256 --- [           main] org.hibernate.SQL                        : create table security_profiles_users (profile_id bigint not null, user_id bigint not null)
Hibernate: create table security_profiles_users (profile_id bigint not null, user_id bigint not null)
2024-06-05T22:40:52.274+01:00 DEBUG 15256 --- [           main] org.hibernate.SQL                        : create table security_users (user_security_id bigint not null, email varchar(255), password varchar(255), primary key (user_security_id))
Hibernate: create table security_users (user_security_id bigint not null, email varchar(255), password varchar(255), primary key (user_security_id))
2024-06-05T22:40:52.486+01:00 DEBUG 15256 --- [           main] org.hibernate.SQL                        : create table users (user_id bigint generated by default as identity, address varchar(255), birth_date timestamp(6), email varchar(255), first_name varchar(255), last_name varchar(255), password varchar(255), phone_number varchar(255), position_held varchar(255), sex varchar(255) check (sex in ('Male','Female')), speciality varchar(255), user_name varchar(255), clinic_id integer, primary key (user_id))
Hibernate: create table users (user_id bigint generated by default as identity, address varchar(255), birth_date timestamp(6), email varchar(255), first_name varchar(255), last_name varchar(255), password varchar(255), phone_number varchar(255), position_held varchar(255), sex varchar(255) check (sex in ('Male','Female')), speciality varchar(255), user_name varchar(255), clinic_id integer, primary key (user_id))
2024-06-05T22:40:52.698+01:00 DEBUG 15256 --- [           main] org.hibernate.SQL                        : create table users_profiles (profile_id bigint not null, user_id bigint not null)
Hibernate: create table users_profiles (profile_id bigint not null, user_id bigint not null)
2024-06-05T22:40:52.904+01:00 DEBUG 15256 --- [           main] org.hibernate.SQL                        : alter table if exists medical_directories drop constraint if exists UK8qu1nx2cltx4jyoeuspbhwnhf
Hibernate: alter table if exists medical_directories drop constraint if exists UK8qu1nx2cltx4jyoeuspbhwnhf
2024-06-05T22:40:53.112+01:00  WARN 15256 --- [           main] o.h.engine.jdbc.spi.SqlExceptionHelper   : SQL Warning Code: 0, SQLState: 00000
2024-06-05T22:40:53.113+01:00  WARN 15256 --- [           main] o.h.engine.jdbc.spi.SqlExceptionHelper   : constraint "uk8qu1nx2cltx4jyoeuspbhwnhf" of relation "medical_directories" does not exist, skipping
2024-06-05T22:40:53.114+01:00 DEBUG 15256 --- [           main] org.hibernate.SQL                        : alter table if exists medical_directories add constraint UK8qu1nx2cltx4jyoeuspbhwnhf unique (user_id)
Hibernate: alter table if exists medical_directories add constraint UK8qu1nx2cltx4jyoeuspbhwnhf unique (user_id)
2024-06-05T22:40:53.335+01:00 DEBUG 15256 --- [           main] org.hibernate.SQL                        : create sequence clinics_seq start with 1 increment by 50
Hibernate: create sequence clinics_seq start with 1 increment by 50
2024-06-05T22:40:53.541+01:00 DEBUG 15256 --- [           main] org.hibernate.SQL                        : create sequence security_users_seq start with 1 increment by 50
Hibernate: create sequence security_users_seq start with 1 increment by 50
2024-06-05T22:40:53.757+01:00 DEBUG 15256 --- [           main] org.hibernate.SQL                        : alter table if exists clinics_companies add constraint FKt27060bsdbj1b7mu192bbp1to foreign key (company_id) references companies
Hibernate: alter table if exists clinics_companies add constraint FKt27060bsdbj1b7mu192bbp1to foreign key (company_id) references companies
2024-06-05T22:40:53.962+01:00 DEBUG 15256 --- [           main] org.hibernate.SQL                        : alter table if exists clinics_companies add constraint FKqvv3dh09k56occcbvhuerol1a foreign key (clinic_id) references clinics
Hibernate: alter table if exists clinics_companies add constraint FKqvv3dh09k56occcbvhuerol1a foreign key (clinic_id) references clinics
2024-06-05T22:40:54.165+01:00 DEBUG 15256 --- [           main] org.hibernate.SQL                        : alter table if exists clinics_profiles add constraint FKdv0289j4fomc1c4jxujefgrbg foreign key (user_id) references clinics
Hibernate: alter table if exists clinics_profiles add constraint FKdv0289j4fomc1c4jxujefgrbg foreign key (user_id) references clinics
2024-06-05T22:40:54.401+01:00 DEBUG 15256 --- [           main] org.hibernate.SQL                        : alter table if exists clinics_profiles add constraint FKmssp9oaldh4hhsduhll68pxbp foreign key (profile_id) references profiles
Hibernate: alter table if exists clinics_profiles add constraint FKmssp9oaldh4hhsduhll68pxbp foreign key (profile_id) references profiles
2024-06-05T22:40:54.605+01:00 DEBUG 15256 --- [           main] org.hibernate.SQL                        : alter table if exists medical_directories add constraint FKpxt6h2egy9wi0yo0wcdo73q8k foreign key (user_id) references users
Hibernate: alter table if exists medical_directories add constraint FKpxt6h2egy9wi0yo0wcdo73q8k foreign key (user_id) references users
2024-06-05T22:40:54.811+01:00 DEBUG 15256 --- [           main] org.hibernate.SQL                        : alter table if exists medical_files add constraint FK9ygf6ent38yfyyisykm6mg5hh foreign key (user_id) references users
Hibernate: alter table if exists medical_files add constraint FK9ygf6ent38yfyyisykm6mg5hh foreign key (user_id) references users
2024-06-05T22:40:55.015+01:00 DEBUG 15256 --- [           main] org.hibernate.SQL                        : alter table if exists medical_visit_appointments add constraint FKljs2rc4ab6xvylny5j7l8pvwh foreign key (user_id) references users
Hibernate: alter table if exists medical_visit_appointments add constraint FKljs2rc4ab6xvylny5j7l8pvwh foreign key (user_id) references users
2024-06-05T22:40:55.225+01:00 DEBUG 15256 --- [           main] org.hibernate.SQL                        : alter table if exists medicaments_medical_file add constraint FKabmf6uhi2l645oud0j9job0gp foreign key (mf_id) references medical_files
Hibernate: alter table if exists medicaments_medical_file add constraint FKabmf6uhi2l645oud0j9job0gp foreign key (mf_id) references medical_files
2024-06-05T22:40:55.433+01:00 DEBUG 15256 --- [           main] org.hibernate.SQL                        : alter table if exists medicaments_medical_file add constraint FK9kamwthhnfidvm5tti523aiy9 foreign key (medicament_id) references medicaments
Hibernate: alter table if exists medicaments_medical_file add constraint FK9kamwthhnfidvm5tti523aiy9 foreign key (medicament_id) references medicaments
2024-06-05T22:40:55.638+01:00 DEBUG 15256 --- [           main] org.hibernate.SQL                        : alter table if exists security_profiles_users add constraint FK91olot2ygmdaykjm6a7n6vpsp foreign key (user_id) references security_users
Hibernate: alter table if exists security_profiles_users add constraint FK91olot2ygmdaykjm6a7n6vpsp foreign key (user_id) references security_users
2024-06-05T22:40:55.844+01:00 DEBUG 15256 --- [           main] org.hibernate.SQL                        : alter table if exists security_profiles_users add constraint FK8fh72xt8xvwur06etrgh4d3y8 foreign key (profile_id) references profiles
Hibernate: alter table if exists security_profiles_users add constraint FK8fh72xt8xvwur06etrgh4d3y8 foreign key (profile_id) references profiles
2024-06-05T22:40:56.052+01:00 DEBUG 15256 --- [           main] org.hibernate.SQL                        : alter table if exists users add constraint FKdtr2ppiyhryd53ovem6c4ehp1 foreign key (clinic_id) references clinics
Hibernate: alter table if exists users add constraint FKdtr2ppiyhryd53ovem6c4ehp1 foreign key (clinic_id) references clinics
2024-06-05T22:40:56.255+01:00 DEBUG 15256 --- [           main] org.hibernate.SQL                        : alter table if exists users_profiles add constraint FKgmc2q50iqwetlbaqcchgvks8t foreign key (user_id) references users
Hibernate: alter table if exists users_profiles add constraint FKgmc2q50iqwetlbaqcchgvks8t foreign key (user_id) references users
2024-06-05T22:40:56.479+01:00 DEBUG 15256 --- [           main] org.hibernate.SQL                        : alter table if exists users_profiles add constraint FK7hgiiwqpes5oygept99abmoa9 foreign key (profile_id) references profiles
Hibernate: alter table if exists users_profiles add constraint FK7hgiiwqpes5oygept99abmoa9 foreign key (profile_id) references profiles
2024-06-05T22:40:56.684+01:00  INFO 15256 --- [           main] j.LocalContainerEntityManagerFactoryBean : Initialized JPA EntityManagerFactory for persistence unit 'default'
2024-06-05T22:40:57.196+01:00  INFO 15256 --- [           main] o.s.d.j.r.query.QueryEnhancerFactory     : Hibernate is in classpath; If applicable, HQL parser will be used.
2024-06-05T22:40:58.050+01:00  WARN 15256 --- [           main] JpaBaseConfiguration$JpaWebConfiguration : spring.jpa.open-in-view is enabled by default. Therefore, database queries may be performed during view rendering. Explicitly configure spring.jpa.open-in-view to disable this warning
2024-06-05T22:40:58.097+01:00  INFO 15256 --- [           main] eAuthenticationProviderManagerConfigurer : Global AuthenticationManager configured with AuthenticationProvider bean with name customAuthenticationProvider
2024-06-05T22:40:58.098+01:00  WARN 15256 --- [           main] r$InitializeUserDetailsManagerConfigurer : Global AuthenticationManager configured with an AuthenticationProvider bean. UserDetailsService beans will not be used for username/password login. Consider removing the AuthenticationProvider bean. Alternatively, consider using the UserDetailsService in a manually instantiated DaoAuthenticationProvider.
2024-06-05T22:40:58.760+01:00  INFO 15256 --- [           main] o.s.s.web.DefaultSecurityFilterChain     : Will secure any request with [org.springframework.security.web.session.DisableEncodeUrlFilter@474a63d9, org.springframework.security.web.context.request.async.WebAsyncManagerIntegrationFilter@1b8d0c21, org.springframework.security.web.context.SecurityContextHolderFilter@34d776eb, org.springframework.security.web.header.HeaderWriterFilter@49e3b86b, org.springframework.security.web.authentication.logout.LogoutFilter@7f9083b4, org.springframework.security.web.savedrequest.RequestCacheAwareFilter@17734113, org.springframework.security.web.servletapi.SecurityContextHolderAwareRequestFilter@307ca947, org.springframework.security.web.authentication.AnonymousAuthenticationFilter@54a04eae, org.springframework.security.web.access.ExceptionTranslationFilter@674cd2da, org.springframework.security.web.access.intercept.AuthorizationFilter@383c94ed]
2024-06-05T22:40:59.247+01:00  INFO 15256 --- [           main] o.e.c.ClinicCare1ApplicationTests        : Started ClinicCare1ApplicationTests in 20.692 seconds (process running for 21.855)
]]></system-out>
  </testcase>
</testsuite>